@!@!@STARTMSG 2262:0 @!@!@
TLC2 Version 2.13 of 18 July 2018
@!@!@ENDMSG 2262 @!@!@
@!@!@STARTMSG 2187:0 @!@!@
Running breadth-first search Model-Checking with seed 9166809114728119270 with 2 workers on 4 cores with 1914MB heap and 3825MB offheap memory (Linux 4.18.6-arch1-1-ARCH amd64, Oracle Corporation 10 x86_64).
@!@!@ENDMSG 2187 @!@!@
@!@!@STARTMSG 2220:0 @!@!@
Starting SANY...
@!@!@ENDMSG 2220 @!@!@
Parsing file /home/cgdk2/courses/content/kf6009/labs/tla/SimpleBuilding.toolbox/Model_1/MC.tla
Parsing file /home/cgdk2/courses/content/kf6009/labs/tla/SimpleBuilding.toolbox/Model_1/SimpleBuilding.tla
Parsing file /home/cgdk2/.local/packages/toolbox/plugins/org.lamport.tlatools_1.0.0.201807180447/tla2sany/StandardModules/TLC.tla
Parsing file /home/cgdk2/.local/packages/toolbox/plugins/org.lamport.tlatools_1.0.0.201807180447/tla2sany/StandardModules/Naturals.tla
Parsing file /home/cgdk2/.local/packages/toolbox/plugins/org.lamport.tlatools_1.0.0.201807180447/tla2sany/StandardModules/Sequences.tla
Parsing file /home/cgdk2/.local/lib/tlaps/FiniteSets.tla
Semantic processing of module SimpleBuilding
Semantic processing of module Naturals
Semantic processing of module Sequences
Semantic processing of module FiniteSets
Semantic processing of module TLC
Semantic processing of module MC
@!@!@STARTMSG 2219:0 @!@!@
SANY finished.
@!@!@ENDMSG 2219 @!@!@
@!@!@STARTMSG 2185:0 @!@!@
Starting... (2018-09-28 14:37:24)
@!@!@ENDMSG 2185 @!@!@
@!@!@STARTMSG 2189:0 @!@!@
Computing initial states...
@!@!@ENDMSG 2189 @!@!@
@!@!@STARTMSG 2190:0 @!@!@
Finished computing initial states: 1 distinct state generated.
@!@!@ENDMSG 2190 @!@!@
@!@!@STARTMSG 2110:1 @!@!@
Invariant inv_153814184320371000 is violated.
@!@!@ENDMSG 2110 @!@!@
@!@!@STARTMSG 2121:1 @!@!@
The behavior up to this point is:
@!@!@ENDMSG 2121 @!@!@
@!@!@STARTMSG 2217:4 @!@!@
1: <Initial predicate>
/\ out = {}
/\ register = {}
/\ in = {}

@!@!@ENDMSG 2217 @!@!@
@!@!@STARTMSG 2217:4 @!@!@
2: <Register line 27, col 3 to line 30, col 13 of module SimpleBuilding>
/\ out = {"kezhi"}
/\ register = {"kezhi"}
/\ in = {}

@!@!@ENDMSG 2217 @!@!@
@!@!@STARTMSG 2217:4 @!@!@
3: <Enter line 33, col 3 to line 36, col 25 of module SimpleBuilding>
/\ out = {}
/\ register = {"kezhi"}
/\ in = {"kezhi"}

@!@!@ENDMSG 2217 @!@!@
@!@!@STARTMSG 2217:4 @!@!@
4: <Register line 27, col 3 to line 30, col 13 of module SimpleBuilding>
/\ out = {"david"}
/\ register = {"kezhi", "david"}
/\ in = {"kezhi"}

@!@!@ENDMSG 2217 @!@!@
@!@!@STARTMSG 2201:0 @!@!@
The coverage statistics at 2018-09-28 14:37:27
@!@!@ENDMSG 2201 @!@!@
@!@!@STARTMSG 2221:0 @!@!@
  line 28, col 6 to line 28, col 36 of module SimpleBuilding: 44
@!@!@ENDMSG 2221 @!@!@
@!@!@STARTMSG 2221:0 @!@!@
  line 29, col 6 to line 29, col 26 of module SimpleBuilding: 44
@!@!@ENDMSG 2221 @!@!@
@!@!@STARTMSG 2221:0 @!@!@
  line 30, col 6 to line 30, col 13 of module SimpleBuilding: 44
@!@!@ENDMSG 2221 @!@!@
@!@!@STARTMSG 2221:0 @!@!@
  line 34, col 6 to line 34, col 24 of module SimpleBuilding: 22
@!@!@ENDMSG 2221 @!@!@
@!@!@STARTMSG 2221:0 @!@!@
  line 35, col 6 to line 35, col 21 of module SimpleBuilding: 22
@!@!@ENDMSG 2221 @!@!@
@!@!@STARTMSG 2221:0 @!@!@
  line 36, col 6 to line 36, col 25 of module SimpleBuilding: 22
@!@!@ENDMSG 2221 @!@!@
@!@!@STARTMSG 2221:0 @!@!@
  line 40, col 6 to line 40, col 26 of module SimpleBuilding: 6
@!@!@ENDMSG 2221 @!@!@
@!@!@STARTMSG 2221:0 @!@!@
  line 41, col 6 to line 41, col 19 of module SimpleBuilding: 6
@!@!@ENDMSG 2221 @!@!@
@!@!@STARTMSG 2221:0 @!@!@
  line 42, col 6 to line 42, col 25 of module SimpleBuilding: 6
@!@!@ENDMSG 2221 @!@!@
@!@!@STARTMSG 2202:0 @!@!@
End of statistics.
@!@!@ENDMSG 2202 @!@!@
@!@!@STARTMSG 2200:0 @!@!@
Progress(5) at 2018-09-28 14:37:27: 73 states generated (1,893 s/min), 40 distinct states found (1,037 ds/min), 20 states left on queue.
@!@!@ENDMSG 2200 @!@!@
@!@!@STARTMSG 2199:0 @!@!@
73 states generated, 40 distinct states found, 20 states left on queue.
@!@!@ENDMSG 2199 @!@!@
@!@!@STARTMSG 2194:0 @!@!@
The depth of the complete state graph search is 5.
@!@!@ENDMSG 2194 @!@!@
@!@!@STARTMSG 2268:0 @!@!@
The average outdegree of the complete state graph is 2 (minimum is 1, the maximum 4 and the 95th percentile is 4).
@!@!@ENDMSG 2268 @!@!@
@!@!@STARTMSG 2186:0 @!@!@
Finished in 3366ms at (2018-09-28 14:37:27)
@!@!@ENDMSG 2186 @!@!@
