@!@!@STARTMSG 2262:0 @!@!@
TLC2 Version 2.13 of 18 July 2018
@!@!@ENDMSG 2262 @!@!@
@!@!@STARTMSG 2187:0 @!@!@
Running breadth-first search Model-Checking with seed 4586637785093027342 with 2 workers on 4 cores with 1914MB heap and 3825MB offheap memory (Linux 4.18.6-arch1-1-ARCH amd64, Oracle Corporation 10 x86_64).
@!@!@ENDMSG 2187 @!@!@
@!@!@STARTMSG 2220:0 @!@!@
Starting SANY...
@!@!@ENDMSG 2220 @!@!@
Parsing file /home/cgdk2/courses/content/kf6009/labs/tla/SimpleBuilding.toolbox/Model_1/MC.tla
Parsing file /home/cgdk2/courses/content/kf6009/labs/tla/SimpleBuilding.toolbox/Model_1/SimpleBuilding.tla
Parsing file /home/cgdk2/.local/packages/toolbox/plugins/org.lamport.tlatools_1.0.0.201807180447/tla2sany/StandardModules/TLC.tla
Parsing file /home/cgdk2/.local/packages/toolbox/plugins/org.lamport.tlatools_1.0.0.201807180447/tla2sany/StandardModules/Naturals.tla
Parsing file /home/cgdk2/.local/packages/toolbox/plugins/org.lamport.tlatools_1.0.0.201807180447/tla2sany/StandardModules/Sequences.tla
Parsing file /home/cgdk2/.local/lib/tlaps/FiniteSets.tla
Semantic processing of module SimpleBuilding
Semantic processing of module Naturals
Semantic processing of module Sequences
Semantic processing of module FiniteSets
Semantic processing of module TLC
Semantic processing of module MC
@!@!@STARTMSG 2219:0 @!@!@
SANY finished.
@!@!@ENDMSG 2219 @!@!@
@!@!@STARTMSG 2185:0 @!@!@
Starting... (2018-09-24 10:10:55)
@!@!@ENDMSG 2185 @!@!@
